2018-09-29 19:07:50,778:INFO: Creating the datasets...
2018-09-29 19:07:51,508:INFO: Creating the model...
2018-09-29 19:08:11,966:INFO: Starting training for 10 epoch(s)
2018-09-29 19:08:25,197:INFO: Epoch 1/10
2018-09-29 13:40:33,416:INFO:  - Train metrics: loss: 8.937
2018-09-29 13:40:41,128:INFO: - Eval metrics: loss: 5.694
2018-09-29 13:40:43,040:INFO: - Found new best accuracy, saving in experiments/base_model/best_weights/after-epoch-1
2018-09-29 13:40:43,099:INFO: Epoch 2/10
2018-09-29 13:42:42,171:INFO:  - Train metrics: loss: 6.347
2018-09-29 13:42:48,113:INFO: - Eval metrics: loss: 6.026
2018-09-29 13:42:48,114:INFO: Epoch 3/10
2018-09-29 15:42:22,859:INFO:  - Train metrics: loss: 5.625
2018-09-29 15:42:28,700:INFO: - Eval metrics: loss: 5.865
2018-09-29 15:42:28,700:INFO: Epoch 4/10
2018-09-29 15:48:20,834:INFO:  - Train metrics: loss: 5.293
2018-09-29 15:48:27,384:INFO: - Eval metrics: loss: 5.693
2018-09-29 16:01:21,169:INFO: - Found new best accuracy, saving in experiments/base_model/best_weights/after-epoch-4
2018-09-29 16:01:21,171:INFO: Epoch 5/10
2018-09-29 16:03:28,206:INFO:  - Train metrics: loss: 5.184
2018-09-29 16:03:34,433:INFO: - Eval metrics: loss: 5.613
2018-09-29 16:03:35,735:INFO: - Found new best accuracy, saving in experiments/base_model/best_weights/after-epoch-5
2018-09-29 16:03:35,736:INFO: Epoch 6/10
